0 info it worked if it ends with ok
1 verbose cli [ '/usr/local/bin/node', '/usr/local/bin/npm', 'run', 'serve' ]
2 info using npm@4.1.1
3 info using node@v5.6.0
4 verbose run-script [ 'preserve', 'serve', 'postserve' ]
5 info lifecycle ionic2-webpack2-starter@0.1.0~preserve: ionic2-webpack2-starter@0.1.0
6 silly lifecycle ionic2-webpack2-starter@0.1.0~preserve: no script for preserve, continuing
7 info lifecycle ionic2-webpack2-starter@0.1.0~serve: ionic2-webpack2-starter@0.1.0
8 verbose lifecycle ionic2-webpack2-starter@0.1.0~serve: unsafe-perm in lifecycle true
9 verbose lifecycle ionic2-webpack2-starter@0.1.0~serve: PATH: /usr/local/lib/node_modules/npm/bin/node-gyp-bin:/Users/remi/Projets/draw/node_modules/.bin:/Users/remi/.rbenv/shims:/Applications/MAMP/bin/php/php7.0.12/bin:/Applications/MAMP/Library/bin:/usr/local/bin:/usr/bin:/bin:/usr/sbin:/sbin:/Users/remi/Library/Android/sdk//tools:/Users/remi/Library/Android/sdk//platform-tools
10 verbose lifecycle ionic2-webpack2-starter@0.1.0~serve: CWD: /Users/remi/Projets/draw
11 silly lifecycle ionic2-webpack2-starter@0.1.0~serve: Args: [ '-c', 'webpack-dev-server -d --progress' ]
12 silly lifecycle ionic2-webpack2-starter@0.1.0~serve: Returned: code: 1  signal: null
13 info lifecycle ionic2-webpack2-starter@0.1.0~serve: Failed to exec serve script
14 verbose stack Error: ionic2-webpack2-starter@0.1.0 serve: `webpack-dev-server -d --progress`
14 verbose stack Exit status 1
14 verbose stack     at EventEmitter.<anonymous> (/usr/local/lib/node_modules/npm/lib/utils/lifecycle.js:279:16)
14 verbose stack     at emitTwo (events.js:100:13)
14 verbose stack     at EventEmitter.emit (events.js:185:7)
14 verbose stack     at ChildProcess.<anonymous> (/usr/local/lib/node_modules/npm/lib/utils/spawn.js:40:14)
14 verbose stack     at emitTwo (events.js:100:13)
14 verbose stack     at ChildProcess.emit (events.js:185:7)
14 verbose stack     at maybeClose (internal/child_process.js:827:16)
14 verbose stack     at Process.ChildProcess._handle.onexit (internal/child_process.js:211:5)
15 verbose pkgid ionic2-webpack2-starter@0.1.0
16 verbose cwd /Users/remi/Projets/draw
17 error Darwin 15.6.0
18 error argv "/usr/local/bin/node" "/usr/local/bin/npm" "run" "serve"
19 error node v5.6.0
20 error npm  v4.1.1
21 error code ELIFECYCLE
22 error ionic2-webpack2-starter@0.1.0 serve: `webpack-dev-server -d --progress`
22 error Exit status 1
23 error Failed at the ionic2-webpack2-starter@0.1.0 serve script 'webpack-dev-server -d --progress'.
23 error Make sure you have the latest version of node.js and npm installed.
23 error If you do, this is most likely a problem with the ionic2-webpack2-starter package,
23 error not with npm itself.
23 error Tell the author that this fails on your system:
23 error     webpack-dev-server -d --progress
23 error You can get information on how to open an issue for this project with:
23 error     npm bugs ionic2-webpack2-starter
23 error Or if that isn't available, you can get their info via:
23 error     npm owner ls ionic2-webpack2-starter
23 error There is likely additional logging output above.
24 verbose exit [ 1, true ]
